{"contracts/Raffle.sol":{"l":{"60":3,"61":3,"62":3,"63":3,"64":3,"65":3,"66":3,"67":3,"71":14,"72":1,"74":13,"75":0,"77":13,"78":13,"94":9,"96":9,"97":9,"98":9,"99":9,"100":9,"106":6,"108":6,"109":1,"115":5,"116":5,"124":0,"131":0,"132":0,"133":0,"134":0,"135":0,"136":0,"137":0,"139":0,"140":0,"142":0,"147":0,"151":1,"155":1,"159":0,"163":0,"167":0,"171":1,"175":14,"179":14,"183":0},"path":"/home/hao/hardhat-smartcontract-lottory/contracts/Raffle.sol","s":{"1":14,"2":13,"3":13,"4":13,"5":9,"6":9,"7":9,"8":9,"9":9,"10":6,"11":6,"12":5,"13":0,"14":0,"15":0,"16":0,"17":0,"18":0,"19":0,"20":1,"21":1,"22":0,"23":0,"24":0,"25":1,"26":14,"27":14,"28":0},"b":{"1":[1,13],"2":[0,13],"3":[1,5],"4":[0,0]},"f":{"1":3,"2":14,"3":9,"4":6,"5":0,"6":0,"7":1,"8":1,"9":0,"10":0,"11":0,"12":1,"13":14,"14":14,"15":0},"fnMap":{"1":{"name":"constructor","line":59,"loc":{"start":{"line":52,"column":4},"end":{"line":68,"column":4}}},"2":{"name":"enterRaffle","line":70,"loc":{"start":{"line":70,"column":4},"end":{"line":79,"column":4}}},"3":{"name":"checkUpkeep","line":91,"loc":{"start":{"line":91,"column":4},"end":{"line":101,"column":4}}},"4":{"name":"performUpkeep","line":103,"loc":{"start":{"line":103,"column":4},"end":{"line":125,"column":4}}},"5":{"name":"fulfillRandomWords","line":127,"loc":{"start":{"line":127,"column":4},"end":{"line":143,"column":4}}},"6":{"name":"getEnteranceFee","line":146,"loc":{"start":{"line":146,"column":4},"end":{"line":148,"column":4}}},"7":{"name":"getPlayer","line":150,"loc":{"start":{"line":150,"column":4},"end":{"line":152,"column":4}}},"8":{"name":"getRaffleState","line":154,"loc":{"start":{"line":154,"column":4},"end":{"line":156,"column":4}}},"9":{"name":"getNumWords","line":158,"loc":{"start":{"line":158,"column":4},"end":{"line":160,"column":4}}},"10":{"name":"getRequestConfirmations","line":162,"loc":{"start":{"line":162,"column":4},"end":{"line":164,"column":4}}},"11":{"name":"getRecentWinner","line":166,"loc":{"start":{"line":166,"column":4},"end":{"line":168,"column":4}}},"12":{"name":"getLastTimeStamp","line":170,"loc":{"start":{"line":170,"column":5},"end":{"line":172,"column":4}}},"13":{"name":"getInterval","line":174,"loc":{"start":{"line":174,"column":4},"end":{"line":176,"column":4}}},"14":{"name":"getEntranceFee","line":178,"loc":{"start":{"line":178,"column":4},"end":{"line":180,"column":4}}},"15":{"name":"getNumberOfPlayers","line":182,"loc":{"start":{"line":182,"column":4},"end":{"line":184,"column":4}}}},"statementMap":{"1":{"start":{"line":71,"column":8},"end":{"line":71,"column":2386}},"2":{"start":{"line":74,"column":8},"end":{"line":74,"column":2487}},"3":{"start":{"line":77,"column":8},"end":{"line":77,"column":42}},"4":{"start":{"line":78,"column":8},"end":{"line":78,"column":36}},"5":{"start":{"line":94,"column":8},"end":{"line":94,"column":55}},"6":{"start":{"line":96,"column":8},"end":{"line":96,"column":76}},"7":{"start":{"line":97,"column":8},"end":{"line":97,"column":46}},"8":{"start":{"line":98,"column":8},"end":{"line":98,"column":51}},"9":{"start":{"line":100,"column":8},"end":{"line":100,"column":36}},"10":{"start":{"line":106,"column":8},"end":{"line":106,"column":47}},"11":{"start":{"line":108,"column":8},"end":{"line":108,"column":3847}},"12":{"start":{"line":116,"column":8},"end":{"line":116,"column":4107}},"13":{"start":{"line":124,"column":8},"end":{"line":124,"column":45}},"14":{"start":{"line":131,"column":8},"end":{"line":131,"column":65}},"15":{"start":{"line":132,"column":8},"end":{"line":132,"column":63}},"16":{"start":{"line":137,"column":8},"end":{"line":137,"column":78}},"17":{"start":{"line":139,"column":8},"end":{"line":139,"column":4983}},"18":{"start":{"line":142,"column":8},"end":{"line":142,"column":39}},"19":{"start":{"line":147,"column":8},"end":{"line":147,"column":28}},"20":{"start":{"line":151,"column":8},"end":{"line":151,"column":31}},"21":{"start":{"line":155,"column":8},"end":{"line":155,"column":28}},"22":{"start":{"line":159,"column":8},"end":{"line":159,"column":24}},"23":{"start":{"line":163,"column":8},"end":{"line":163,"column":36}},"24":{"start":{"line":167,"column":8},"end":{"line":167,"column":29}},"25":{"start":{"line":171,"column":8},"end":{"line":171,"column":30}},"26":{"start":{"line":175,"column":8},"end":{"line":175,"column":25}},"27":{"start":{"line":179,"column":8},"end":{"line":179,"column":28}},"28":{"start":{"line":183,"column":8},"end":{"line":183,"column":31}}},"branchMap":{"1":{"line":71,"type":"if","locations":[{"start":{"line":71,"column":8},"end":{"line":71,"column":8}},{"start":{"line":71,"column":8},"end":{"line":71,"column":8}}]},"2":{"line":74,"type":"if","locations":[{"start":{"line":74,"column":8},"end":{"line":74,"column":8}},{"start":{"line":74,"column":8},"end":{"line":74,"column":8}}]},"3":{"line":108,"type":"if","locations":[{"start":{"line":108,"column":8},"end":{"line":108,"column":8}},{"start":{"line":108,"column":8},"end":{"line":108,"column":8}}]},"4":{"line":139,"type":"if","locations":[{"start":{"line":139,"column":8},"end":{"line":139,"column":8}},{"start":{"line":139,"column":8},"end":{"line":139,"column":8}}]}}},"contracts/test/VRFCoordinatorV2Mock.sol":{"l":{},"path":"/home/hao/hardhat-smartcontract-lottory/contracts/test/VRFCoordinatorV2Mock.sol","s":{},"b":{},"f":{},"fnMap":{},"statementMap":{},"branchMap":{}}}