TN:
SF:/home/hao/hardhat-smartcontract-lottory/contracts/Raffle.sol
FN:59,constructor
FN:70,enterRaffle
FN:91,checkUpkeep
FN:103,performUpkeep
FN:127,fulfillRandomWords
FN:146,getEnteranceFee
FN:150,getPlayer
FN:154,getRaffleState
FN:158,getNumWords
FN:162,getRequestConfirmations
FN:166,getRecentWinner
FN:170,getLastTimeStamp
FN:174,getInterval
FN:178,getEntranceFee
FN:182,getNumberOfPlayers
FNF:15
FNH:9
FNDA:3,constructor
FNDA:14,enterRaffle
FNDA:9,checkUpkeep
FNDA:6,performUpkeep
FNDA:0,fulfillRandomWords
FNDA:0,getEnteranceFee
FNDA:1,getPlayer
FNDA:1,getRaffleState
FNDA:0,getNumWords
FNDA:0,getRequestConfirmations
FNDA:0,getRecentWinner
FNDA:1,getLastTimeStamp
FNDA:14,getInterval
FNDA:14,getEntranceFee
FNDA:0,getNumberOfPlayers
DA:60,3
DA:61,3
DA:62,3
DA:63,3
DA:64,3
DA:65,3
DA:66,3
DA:67,3
DA:71,14
DA:72,1
DA:74,13
DA:75,0
DA:77,13
DA:78,13
DA:94,9
DA:96,9
DA:97,9
DA:98,9
DA:99,9
DA:100,9
DA:106,6
DA:108,6
DA:109,1
DA:115,5
DA:116,5
DA:124,0
DA:131,0
DA:132,0
DA:133,0
DA:134,0
DA:135,0
DA:136,0
DA:137,0
DA:139,0
DA:140,0
DA:142,0
DA:147,0
DA:151,1
DA:155,1
DA:159,0
DA:163,0
DA:167,0
DA:171,1
DA:175,14
DA:179,14
DA:183,0
LF:46
LH:29
BRDA:71,1,0,1
BRDA:71,1,1,13
BRDA:74,2,0,0
BRDA:74,2,1,13
BRDA:108,3,0,1
BRDA:108,3,1,5
BRDA:139,4,0,0
BRDA:139,4,1,0
BRF:8
BRH:5
end_of_record
TN:
SF:/home/hao/hardhat-smartcontract-lottory/contracts/test/VRFCoordinatorV2Mock.sol
FNF:0
FNH:0
LF:0
LH:0
BRF:0
BRH:0
end_of_record
